<?xml version="1.0" encoding="utf-8"?><testsuites name="pytest tests"><testsuite name="pytest" errors="0" failures="2" skipped="0" tests="17" time="18.609" timestamp="2026-06-19T08:05:12.806474+00:00" hostname="agent-env-c3571650-e6e8-47e7-ae7a-c603da7bf362"><testcase classname="backend.tests.test_phase2_ai_audit_templates.TestAIInsights" name="test_ai_insights_structure" time="0.568" /><testcase classname="backend.tests.test_phase2_ai_audit_templates.TestAIInsights" name="test_ai_insights_cached_second_call" time="0.088" /><testcase classname="backend.tests.test_phase2_ai_audit_templates.TestAIInsights" name="test_ai_insights_force_regenerates" time="15.742" /><testcase classname="backend.tests.test_phase2_ai_audit_templates.TestAIInsights" name="test_ai_insights_404_invalid_project" time="0.045" /><testcase classname="backend.tests.test_phase2_ai_audit_templates.TestWbsImport" name="test_csv_import_admin" time="0.137"><failure message="assert 404 == 200&#10; +  where 404 = &lt;Response [404]&gt;.status_code">backend/tests/test_phase2_ai_audit_templates.py:125: in test_csv_import_admin
    assert rt.status_code == 200
E   assert 404 == 200
E    +  where 404 = &lt;Response [404]&gt;.status_code</failure></testcase><testcase classname="backend.tests.test_phase2_ai_audit_templates.TestWbsImport" name="test_csv_import_forbidden_for_contractor" time="0.389" /><testcase classname="backend.tests.test_phase2_ai_audit_templates.TestWbsImport" name="test_csv_import_invalid_project" time="0.044" /><testcase classname="backend.tests.test_phase2_ai_audit_templates.TestWbsCrudExtras" name="test_wbs_patch_updates_fields" time="0.252"><failure message="TypeError: string indices must be integers, not 'str'">backend/tests/test_phase2_ai_audit_templates.py:168: in test_wbs_patch_updates_fields
    node = next(i for i in items if i["id"] == wid)
           ^^^^^^^^^^^^^^^^^^^^^^^^^^^^^^^^^^^^^^^^
backend/tests/test_phase2_ai_audit_templates.py:168: in &lt;genexpr&gt;
    node = next(i for i in items if i["id"] == wid)
                                    ^^^^^^^
E   TypeError: string indices must be integers, not 'str'</failure></testcase><testcase classname="backend.tests.test_phase2_ai_audit_templates.TestWorkflowTemplates" name="test_list_templates" time="0.092" /><testcase classname="backend.tests.test_phase2_ai_audit_templates.TestWorkflowTemplates" name="test_pc_can_create_template" time="0.483" /><testcase classname="backend.tests.test_phase2_ai_audit_templates.TestWorkflowTemplates" name="test_contractor_forbidden_template_create" time="0.045" /><testcase classname="backend.tests.test_phase2_ai_audit_templates.TestWorkflowTemplates" name="test_contractor_forbidden_template_delete" time="0.051" /><testcase classname="backend.tests.test_phase2_ai_audit_templates.TestWorkflowTemplates" name="test_delete_template" time="0.223" /><testcase classname="backend.tests.test_phase2_ai_audit_templates.TestAuditLogs" name="test_audit_log_listing" time="0.047" /><testcase classname="backend.tests.test_phase2_ai_audit_templates.TestAuditLogs" name="test_audit_log_entity_filter" time="0.047" /><testcase classname="backend.tests.test_phase2_ai_audit_templates.TestAuditLogs" name="test_audit_created_on_template_create" time="0.178" /><testcase classname="backend.tests.test_phase2_ai_audit_templates.TestAuditLogs" name="test_audit_limit_capped_at_500" time="0.049" /></testsuite></testsuites>