<?xml version="1.0" encoding="utf-8"?><testsuites name="pytest tests"><testsuite name="pytest" errors="0" failures="0" skipped="0" tests="13" time="3.483" timestamp="2026-06-19T07:33:07.782408+00:00" hostname="agent-env-c3571650-e6e8-47e7-ae7a-c603da7bf362"><testcase classname="backend.tests.test_wbs_gantt_workflow.TestWBSList" name="test_wbs_requires_auth" time="0.686" /><testcase classname="backend.tests.test_wbs_gantt_workflow.TestWBSList" name="test_wbs_list_for_project" time="0.101" /><testcase classname="backend.tests.test_wbs_gantt_workflow.TestWBSCRUD" name="test_contractor_cannot_create_wbs" time="0.419" /><testcase classname="backend.tests.test_wbs_gantt_workflow.TestWBSCRUD" name="test_admin_create_wbs_root_and_child" time="0.586" /><testcase classname="backend.tests.test_wbs_gantt_workflow.TestWBSCRUD" name="test_patch_nonexistent_wbs_returns_404" time="0.103" /><testcase classname="backend.tests.test_wbs_gantt_workflow.TestGantt" name="test_gantt_requires_auth" time="0.096" /><testcase classname="backend.tests.test_wbs_gantt_workflow.TestGantt" name="test_gantt_returns_activities" time="0.096" /><testcase classname="backend.tests.test_wbs_gantt_workflow.TestWorkflowDetail" name="test_workflow_detail_history" time="0.207" /><testcase classname="backend.tests.test_wbs_gantt_workflow.TestWorkflowDetail" name="test_workflow_action_appends_history" time="0.412" /><testcase classname="backend.tests.test_wbs_gantt_workflow.TestWorkflowDetail" name="test_workflow_detail_404" time="0.090" /><testcase classname="backend.tests.test_wbs_gantt_workflow.TestExistingCreateEndpoints" name="test_create_ncr" time="0.184" /><testcase classname="backend.tests.test_wbs_gantt_workflow.TestExistingCreateEndpoints" name="test_create_hindrance" time="0.210" /><testcase classname="backend.tests.test_wbs_gantt_workflow.TestExistingCreateEndpoints" name="test_create_dpr" time="0.201" /></testsuite></testsuites>