<?xml version="1.0" encoding="utf-8"?><testsuites name="pytest tests"><testsuite name="pytest" errors="0" failures="1" skipped="0" tests="41" time="8.029" timestamp="2026-06-19T07:15:17.376409+00:00" hostname="agent-env-c3571650-e6e8-47e7-ae7a-c603da7bf362"><testcase classname="backend.tests.test_mecon_backend.TestAuth" name="test_login_admin_success" time="0.976" /><testcase classname="backend.tests.test_mecon_backend.TestAuth" name="test_login_invalid" time="0.357" /><testcase classname="backend.tests.test_mecon_backend.TestAuth" name="test_me_requires_auth" time="0.124" /><testcase classname="backend.tests.test_mecon_backend.TestAuth" name="test_me_with_bearer" time="0.452" /><testcase classname="backend.tests.test_mecon_backend.TestAuth" name="test_demo_user_login[pc@mecon.in-Demo@2026-ProjectCoordinator]" time="0.322" /><testcase classname="backend.tests.test_mecon_backend.TestAuth" name="test_demo_user_login[site@mecon.in-Demo@2026-SiteEngineer]" time="0.310" /><testcase classname="backend.tests.test_mecon_backend.TestAuth" name="test_demo_user_login[qaqc@mecon.in-Demo@2026-QAQCEngineer]" time="0.317" /><testcase classname="backend.tests.test_mecon_backend.TestAuth" name="test_demo_user_login[finance@mecon.in-Demo@2026-FinanceOfficer]" time="0.326" /><testcase classname="backend.tests.test_mecon_backend.TestAuth" name="test_demo_user_login[contractor@lnt.com-Demo@2026-Contractor]" time="0.318" /><testcase classname="backend.tests.test_mecon_backend.TestAuth" name="test_demo_user_login[client@sail.in-Demo@2026-Client]" time="0.329" /><testcase classname="backend.tests.test_mecon_backend.TestProtected" name="test_endpoint_requires_auth[/projects]" time="0.098" /><testcase classname="backend.tests.test_mecon_backend.TestProtected" name="test_endpoint_requires_auth[/dashboard/summary]" time="0.130" /><testcase classname="backend.tests.test_mecon_backend.TestProtected" name="test_endpoint_requires_auth[/users]" time="0.097" /><testcase classname="backend.tests.test_mecon_backend.TestProtected" name="test_endpoint_requires_auth[/drawings]" time="0.093" /><testcase classname="backend.tests.test_mecon_backend.TestProtected" name="test_endpoint_requires_auth[/dpr]" time="0.102" /><testcase classname="backend.tests.test_mecon_backend.TestProtected" name="test_endpoint_requires_auth[/ncrs]" time="0.090" /><testcase classname="backend.tests.test_mecon_backend.TestProtected" name="test_endpoint_requires_auth[/hindrances]" time="0.097" /><testcase classname="backend.tests.test_mecon_backend.TestProtected" name="test_endpoint_requires_auth[/bills]" time="0.089" /><testcase classname="backend.tests.test_mecon_backend.TestProtected" name="test_endpoint_requires_auth[/workflows]" time="0.102" /><testcase classname="backend.tests.test_mecon_backend.TestProtected" name="test_endpoint_requires_auth[/notifications]" time="0.088" /><testcase classname="backend.tests.test_mecon_backend.TestProtected" name="test_endpoint_requires_auth[/my-actions]" time="0.095" /><testcase classname="backend.tests.test_mecon_backend.TestSeedData" name="test_projects_count_and_codes" time="0.102" /><testcase classname="backend.tests.test_mecon_backend.TestSeedData" name="test_packages_seeded" time="0.114" /><testcase classname="backend.tests.test_mecon_backend.TestSeedData" name="test_drawings_seeded" time="0.099" /><testcase classname="backend.tests.test_mecon_backend.TestSeedData" name="test_dpr_seeded" time="0.108" /><testcase classname="backend.tests.test_mecon_backend.TestSeedData" name="test_ncrs_seeded" time="0.089" /><testcase classname="backend.tests.test_mecon_backend.TestSeedData" name="test_hindrances_seeded" time="0.098" /><testcase classname="backend.tests.test_mecon_backend.TestSeedData" name="test_bills_seeded" time="0.092" /><testcase classname="backend.tests.test_mecon_backend.TestSeedData" name="test_workflows_seeded" time="0.105" /><testcase classname="backend.tests.test_mecon_backend.TestSeedData" name="test_notifications_seeded" time="0.100" /><testcase classname="backend.tests.test_mecon_backend.TestDashboard" name="test_dashboard_summary" time="0.090" /><testcase classname="backend.tests.test_mecon_backend.TestDashboard" name="test_my_actions" time="0.145" /><testcase classname="backend.tests.test_mecon_backend.TestProjectDetail" name="test_project_overview" time="0.196" /><testcase classname="backend.tests.test_mecon_backend.TestWorkflowActions" name="test_workflow_approve" time="0.195" /><testcase classname="backend.tests.test_mecon_backend.TestDrawingActions" name="test_drawing_approve" time="0.200" /><testcase classname="backend.tests.test_mecon_backend.TestNCRActions" name="test_ncr_close" time="0.194" /><testcase classname="backend.tests.test_mecon_backend.TestHindranceActions" name="test_hindrance_close" time="0.181" /><testcase classname="backend.tests.test_mecon_backend.TestBillActions" name="test_bill_advance" time="0.189" /><testcase classname="backend.tests.test_mecon_backend.TestRBAC" name="test_contractor_cannot_create_project" time="0.412" /><testcase classname="backend.tests.test_mecon_backend.TestRBAC" name="test_contractor_cannot_create_user" time="0.092" /><testcase classname="backend.tests.test_mecon_backend.TestCRUDPersistence" name="test_create_project_admin" time="0.091"><failure message="AssertionError: Create project: 422 {&quot;detail&quot;:[{&quot;type&quot;:&quot;missing&quot;,&quot;loc&quot;:[&quot;body&quot;,&quot;location&quot;],&quot;msg&quot;:&quot;Field required&quot;,&quot;input&quot;:{&quot;code&quot;:&quot;TEST_PRJ_X1&quot;,&quot;name&quot;:&quot;TEST Project X1&quot;,&quot;client&quot;:&quot;TEST Client&quot;,&quot;contractor&quot;:&quot;TEST Contractor&quot;,&quot;value_cr&quot;:25.5,&quot;planned_pct&quot;:10,&quot;actual_pct&quot;:5},&quot;url&quot;:&quot;https://errors.pydantic.dev/2.13/v/missing&quot;},{&quot;type&quot;:&quot;missing&quot;,&quot;loc&quot;:[&quot;body&quot;,&quot;start_date&quot;],&quot;msg&quot;:&quot;Field required&quot;,&quot;input&quot;:{&quot;code&quot;:&quot;TEST_PRJ_X1&quot;,&quot;name&quot;:&quot;TEST Project X1&quot;,&quot;client&quot;:&quot;TEST Client&quot;,&quot;contractor&quot;:&quot;TEST Contractor&quot;,&quot;value_cr&quot;:25.5,&quot;planned_pct&quot;:10,&quot;actual_pct&quot;:5},&quot;url&quot;:&quot;https://errors.pydantic.dev/2.13/v/missing&quot;},{&quot;type&quot;:&quot;missing&quot;,&quot;loc&quot;:[&quot;body&quot;,&quot;end_date&quot;],&quot;msg&quot;:&quot;Field required&quot;,&quot;input&quot;:{&quot;code&quot;:&quot;TEST_PRJ_X1&quot;,&quot;name&quot;:&quot;TEST Project X1&quot;,&quot;client&quot;:&quot;TEST Client&quot;,&quot;contractor&quot;:&quot;TEST Contractor&quot;,&quot;value_cr&quot;:25.5,&quot;planned_pct&quot;:10,&quot;actual_pct&quot;:5},&quot;url&quot;:&quot;https://errors.pydantic.dev/2.13/v/missing&quot;}]}&#10;assert 422 in (200, 201)&#10; +  where 422 = &lt;Response [422]&gt;.status_code">backend/tests/test_mecon_backend.py:259: in test_create_project_admin
    assert r.status_code in (200, 201), f"Create project: {r.status_code} {r.text}"
E   AssertionError: Create project: 422 {"detail":[{"type":"missing","loc":["body","location"],"msg":"Field required","input":{"code":"TEST_PRJ_X1","name":"TEST Project X1","client":"TEST Client","contractor":"TEST Contractor","value_cr":25.5,"planned_pct":10,"actual_pct":5},"url":"https://errors.pydantic.dev/2.13/v/missing"},{"type":"missing","loc":["body","start_date"],"msg":"Field required","input":{"code":"TEST_PRJ_X1","name":"TEST Project X1","client":"TEST Client","contractor":"TEST Contractor","value_cr":25.5,"planned_pct":10,"actual_pct":5},"url":"https://errors.pydantic.dev/2.13/v/missing"},{"type":"missing","loc":["body","end_date"],"msg":"Field required","input":{"code":"TEST_PRJ_X1","name":"TEST Project X1","client":"TEST Client","contractor":"TEST Contractor","value_cr":25.5,"planned_pct":10,"actual_pct":5},"url":"https://errors.pydantic.dev/2.13/v/missing"}]}
E   assert 422 in (200, 201)
E    +  where 422 = &lt;Response [422]&gt;.status_code</failure></testcase></testsuite></testsuites>